2020-02-05 18:26:20:	DEBUG:	Pizza created: artichoke ($15)
2020-02-05 18:26:20:	INFO:	Made 1 artichoke pizza(s)
2020-02-05 18:26:20:	ERROR:	Ate 1 artichoke pizza(s)
2020-02-05 18:26:20:	INFO:	Made 10 artichoke pizza(s)
2020-02-05 18:26:20:	DEBUG:	Pizza created: artichoke ($19)
2020-02-05 18:26:20:	INFO:	Made 1 artichoke pizza(s)
2020-02-05 18:26:20:	ERROR:	Error!: TypeError("unsupported operand type(s) for +: 'float' and 'str'")
2020-02-05 19:11:59:	INFO:	Success: Mary:1633195971@qq.com
2020-02-05 19:14:02:	INFO:	Success: Mary:1633195971@qq.com
2020-02-05 19:14:34:	INFO:	Success: John:sales03@sinozoc.com
2020-02-05 19:15:22:	INFO:	Success: Mary:1633195971@qq.com
2020-02-05 19:15:58:	INFO:	Success: John:sales03@sinozoc.com
2020-02-05 19:19:18:	INFO:	Success: Mary:1633195971@qq.com
2020-02-05 19:20:05:	INFO:	Success: John:sales03@sinozoc.com
Success: Mary:1633195971@qq.com	2020-02-05 19:23:41	INFO
Success: Mary:1633195971@qq.com	2020-02-05 19:24:43	INFO
Success: Mary:1633195971@qq.com	2020-02-05 19:26:32	INFO
Success: Mary:1633195971@qq.com	2020-02-05 19:27:04	INFO
Success: Mary:1633195971@qq.com	2020-02-05 19:27:52	INFO
Success: Mary:1633195971@qq.com	2020-02-05 19:30:48	INFO
Success: Mary:1633195971@qq.com	2020-02-05 19:31:20	INFO
Success: Mary:1633195971@qq.com	2020-02-05 19:32:38	INFO
Success: Mary:1633195971@qq.com	2020-02-05 19:33:10	INFO
Success: John:sales03@sinozoc.com	2020-02-05 19:34:03	INFO
Success: Rinny:saripacific@saripacific.co.id	2020-02-05 19:38:18	INFO
Success: Alif:alif.haiqal95@gmail.com	2020-02-05 19:57:55	INFO
Success: Chawannu:chawanun.t@gmail.com	2020-02-05 20:02:19	INFO
Success: Rendy:rendyhariwidodo89@gmail.com	2020-02-05 20:04:04	INFO
Success: Mr. Chen:basatria@cbn.net.id	2020-02-05 20:05:15	INFO
Success: Tee:cc.tee@iep.com.my	2020-02-05 20:06:48	INFO
Success: Fuad:hinoka.co.id@gmail.com	2020-02-05 20:07:51	INFO
Success: Daniel:danielsouw@gmail.com	2020-02-05 20:09:26	INFO
Success: Brata:bratamg@gmail.com	2020-02-05 20:10:17	INFO
Success: Indah:Indahajipertiwi08@gmail.com	2020-02-05 20:15:48	INFO
Total: 21 emails, Sent: 1 sent in: 1.533s, average: 1.533s, Failed: 20 emails.	2020-02-05 20:17:08	INFO
Success: Hendri:hendri212@yahoo.com	2020-02-05 20:17:09	INFO
Total: 21 emails, Sent: 1 sent in: 23mins,22.507s, average: 23mins,22.507s, Failed: 20 emails.	2020-02-05 20:18:22	INFO
Success: Yung:yungcf@frisberg.com.my	2020-02-05 20:18:23	INFO
Total: 21 emails, Sent: 1 sent in: 36mins,36.363s, average: 36mins,36.363s, Failed: 20 emails.	2020-02-05 20:20:38	INFO
Success: Lin:linkarglobal@gmail.com	2020-02-05 20:40:12	INFO
Total: 18 emails, Sent: 1 sent in: 1.468s, average: 1.468s, Failed: 17 emails.	2020-02-05 20:41:56	INFO
Success: Alan:salesfoteq@foteq.com.my	2020-02-05 20:58:24	INFO
Total: 17 emails, Sent: 1 sent in: 1.403s, average: 1.403s, Failed: 16 emails.	2020-02-05 21:00:55	INFO
Success: Astar:astar.mingkala@apm-engineering.com	2020-02-05 21:51:16	INFO
Total: 16 emails, Sent: 1 sent in: 1.631s, average: 1.631s, Failed: 15 emails.	2020-02-05 21:54:08	INFO
Success: Astar:astar.mingkala@apm-engineering.com	2020-02-05 21:58:35	INFO
Total: 16 emails, Sent: 1 sent in: 1.151s, average: 1.151s, Failed: 15 emails.	2020-02-05 21:58:35	INFO
Success: Rudy:setiawanrudygani@gmail.com	2020-02-05 21:58:49	INFO
Total: 15 emails, Sent: 1 sent in: 1.432s, average: 1.432s, Failed: 14 emails.	2020-02-05 21:59:42	INFO
Success: Huda:nurul.hudha@depriwangga-om.com	2020-02-05 21:59:42	INFO
Total: 15 emails, Sent: 1 sent in: 55.377s, average: 55.377s, Failed: 14 emails.	2020-02-05 22:00:23	INFO
Success: Siao:marivest2029@gmail.com	2020-02-05 22:00:23	INFO
Total: 15 emails, Sent: 1 sent in: 36mins,36.296s, average: 36mins,36.296s, Failed: 14 emails.	2020-02-05 22:00:56	INFO
Success: Winnie:winnie.hng@stoppani.asia	2020-02-05 22:00:57	INFO
Total: 15 emails, Sent: 1 sent in: 10mins,10.218s, average: 10mins,10.218s, Failed: 14 emails.	2020-02-05 22:01:42	INFO
Success: Thomas:michael.putra@ie-g.com	2020-02-05 22:01:43	INFO
Total: 15 emails, Sent: 1 sent in: 56mins,55.948s, average: 56mins,55.948s, Failed: 14 emails.	2020-02-05 22:02:16	INFO
Success: Sang:kythuat@cnlighting.vn	2020-02-05 22:02:17	INFO
Total: 15 emails, Sent: 1 sent in: 30mins,29.695s, average: 30mins,29.695s, Failed: 14 emails.	2020-02-05 22:03:26	INFO
Success: Willem:willemz@sgelectrical.com.sg	2020-02-05 22:03:27	INFO
Total: 15 emails, Sent: 1 sent in: 40mins,39.631s, average: 40mins,39.631s, Failed: 14 emails.	2020-02-05 22:04:15	INFO
Success: Phan:info@songquang.vn	2020-02-05 22:04:16	INFO
Total: 15 emails, Sent: 1 sent in: 28mins,28.443s, average: 28mins,28.443s, Failed: 14 emails.	2020-02-05 22:05:31	INFO
Success: Loi:loi.nguyen@ntekjsc.com	2020-02-05 22:05:31	INFO
Total: 15 emails, Sent: 1 sent in: 44mins,44.177s, average: 44mins,44.177s, Failed: 14 emails.	2020-02-05 22:06:17	INFO
Success: Bernard:amcobernard@qq.com	2020-02-05 22:06:19	INFO
Total: 15 emails, Sent: 1 sent in: 31mins,31.425s, average: 31mins,31.425s, Failed: 14 emails.	2020-02-05 22:07:19	INFO
Success: Maggie:Maggie.Tumenbatur@lidl.com.hk	2020-02-05 22:07:19	INFO
Total: 15 emails, Sent: 1 sent in: 32mins,32.112s, average: 32mins,32.112s, Failed: 14 emails.	2020-02-05 22:08:35	INFO
Success: Turkana:turkanaj@sienmar.com	2020-02-05 22:08:36	INFO
Total: 15 emails, Sent: 1 sent in: 49mins,49.196s, average: 49mins,49.196s, Failed: 14 emails.	2020-02-05 22:09:30	INFO
Success: Marcel:marcel.ihemebiri@dreamlights.com.ng	2020-02-05 22:09:31	INFO
Total: 15 emails, Sent: 1 sent in: 44mins,44.101s, average: 44mins,44.101s, Failed: 14 emails.	2020-02-05 22:10:22	INFO
Success: Kabo:kamasole@gov.bw	2020-02-05 22:10:23	INFO
Total: 15 emails, Sent: 1 sent in: 36mins,36.037s, average: 36mins,36.037s, Failed: 14 emails.	2020-02-05 22:15:35	INFO
2020-02-05 22:17:03	INFO	Success: Rudy:setiawanrudygani@gmail.com
2020-02-05 22:18:00	INFO	Success: Huda:nurul.hudha@depriwangga-om.com
2020-02-05 22:20:31	INFO	Success: Rabih:hamdounrabih@yahoo.com
2020-02-05 22:20:31	INFO	Total: 1 emails, Sent: 1 sent in: 1.280s, average: 1.280s, Failed: 0 emails.
