2020-02-07 22:23:03	INFO	Success: Armando:armurga@gmail.com
2020-02-07 22:31:48	INFO	Success: Armando:1633195971@qq.com
2020-02-07 22:32:26	INFO	Success: Olivera:sales03@sinozoc.com
2020-02-07 22:32:26	INFO	Total: 2 emails, Sent: 1 sent in: 39.366s, average: 39.366s, Failed: 1 emails.
2020-02-07 22:34:40	INFO	Success: Armando:armurga@gmail.com
2020-02-07 22:35:28	INFO	Success: Olivera:f.olivera@kiar.com.ar
2020-02-07 22:36:51	INFO	Success: Bruno:bgarcia@scrapexgt.com
2020-02-07 22:37:52	INFO	Success: Carlos:ccardenas@nexpa.com.ec
2020-02-07 22:38:25	INFO	Success: Alex:apalaguachi@nexpa.com.ec
2020-02-07 22:39:02	INFO	Success: Galo:antaf7@gmail.com
2020-02-07 22:40:07	INFO	Success: Rocio:rociojacomel@yahoo.com
2020-02-07 22:41:06	INFO	Success: Mauricio:vecomar@entelnet.bo
2020-02-07 22:41:56	INFO	Success: Juan:venaverdev@gmail.com
2020-02-07 22:42:31	INFO	Success: Solange:sol_gus@hotmail.com
2020-02-07 22:43:24	INFO	Success: Jorge:jaguirrejacome@gmail.com
2020-02-07 22:44:07	INFO	Success: Gerardo:Gerardopeja@gmail.com
2020-02-07 22:45:19	INFO	Success: Alex:diazpepe_@hotmail.com
2020-02-07 22:45:52	INFO	Success: Omar:admin.ventas@grupophiladelphia.mx
2020-02-07 22:46:28	INFO	Success: Reynol:gestaa.sas@gmail.com
2020-02-07 22:47:01	INFO	Success: Salvador:prosime.smolina@gmail.com
2020-02-07 22:47:33	INFO	Success: Alejandro:maciasa@tecsaqro.com
2020-02-07 22:48:11	INFO	Success: Alejandro:luzenlinea@gmail.com
2020-02-07 22:49:16	INFO	Success: Daniel:danielcandiottibravo@gmail.com
2020-02-07 22:50:09	INFO	Success: Roberto:r@gocapital.mx
2020-02-07 22:51:21	INFO	Success: Oscar:oscmarti@yahoo.com
2020-02-07 22:52:13	INFO	Success: Jonathan Shamosh Cohen:Jonajshamosh@philcoplus.com
than
2020-02-07 22:52:49	INFO	Success: Jesus:admon.esosas@gmail.com
2020-02-07 23:27:15	INFO	Success: Armando:1633195971@qq.com
2020-02-07 23:27:43	INFO	Success: Armando:1633195971@qq.com
2020-02-07 23:45:46	INFO	Success: Armando:1633195971@qq.com
2020-02-07 23:45:55	INFO	Success: Armando:1633195971@qq.com
2020-02-07 23:46:34	INFO	Success: Olivera:sales03@sinozoc.com
2020-02-07 23:47:07	INFO	Success: Armando:1633195971@qq.com
2020-02-07 23:47:45	INFO	Success: Olivera:sales03@sinozoc.com
2020-02-07 23:49:00	INFO	Success: Armando:1633195971@qq.com
2020-02-07 23:49:34	INFO	Success: Olivera:sales03@sinozoc.com
2020-02-07 23:49:59	INFO	Success: Armando:1633195971@qq.com
2020-02-07 23:51:09	INFO	Success: Olivera:sales03@sinozoc.com
2020-02-07 23:52:07	INFO	Success: Mary:393712674@qq.com
2020-02-07 23:52:07	INFO	Total: 3 emails, Sent: 3 sent in: 8mins,8.296s, average: 42.765s, Failed: 0 emails.
2020-02-07 23:54:57	INFO	Success: Armando:1633195971@qq.com
2020-02-07 23:55:56	INFO	Success: Olivera:sales03@sinozoc.com
2020-02-07 23:56:27	INFO	Success: Mary:393712674@qq.com
2020-02-07 23:56:27	INFO	Total: 3 emails, Sent: 3 sent in: 31mins,30.888s, average: 30.296s, Failed: 0 emails.
